[15:57:47.830][DEBUG][com.mmall.dao.UserMapper.checkUsername][http-nio-8081-exec-5] ==>  Preparing: select count(1) from mmall_user where username = ? 
[15:57:47.868][DEBUG][com.mmall.dao.UserMapper.checkUsername][http-nio-8081-exec-5] ==> Parameters: mengsai(String)
[15:57:48.380][DEBUG][com.mmall.dao.UserMapper.checkUsername][http-nio-8081-exec-5] <==      Total: 1
[15:57:48.400][DEBUG][com.mmall.dao.UserMapper.selectLogin][http-nio-8081-exec-5] ==>  Preparing: select id, username, password, email, phone, question, answer, role, create_time, update_time from mmall_user where username = ? and password = ? 
[15:57:48.401][DEBUG][com.mmall.dao.UserMapper.selectLogin][http-nio-8081-exec-5] ==> Parameters: mengsai(String), E10ADC3949BA59ABBE56E057F20F883E(String)
[15:57:48.433][DEBUG][com.mmall.dao.UserMapper.selectLogin][http-nio-8081-exec-5] <==      Total: 1
[15:57:57.751][INFO][com.mmall.service.impl.FileServiceImpl][http-nio-8081-exec-7] 开始上传文件，上传文件的文件名：test.png，上传的路径：G:\tomcat-8-1\webapps\ROOT\upload，新文件名：0067ad93-db39-46f1-b487-31681dfc3aea.png
[15:57:57.795][INFO][com.mmall.util.FTPUtil][http-nio-8081-exec-7] 开始连接ftp服务器
[15:57:57.856][ERROR][com.mmall.util.FTPUtil][http-nio-8081-exec-7] 上传文件异常
org.apache.commons.net.io.CopyStreamException: IOException caught while copying.
	at org.apache.commons.net.io.Util.copyStream(Util.java:135) ~[commons-net-3.1.jar:3.1]
	at org.apache.commons.net.ftp.FTPClient._storeFile(FTPClient.java:583) ~[commons-net-3.1.jar:3.1]
	at org.apache.commons.net.ftp.FTPClient.__storeFile(FTPClient.java:557) ~[commons-net-3.1.jar:3.1]
	at org.apache.commons.net.ftp.FTPClient.storeFile(FTPClient.java:1795) ~[commons-net-3.1.jar:3.1]
	at com.mmall.util.FTPUtil.uploadFile(FTPUtil.java:76) [classes/:na]
	at com.mmall.util.FTPUtil.uploadFile(FTPUtil.java:49) [classes/:na]
	at com.mmall.service.impl.FileServiceImpl.upload(FileServiceImpl.java:51) [classes/:na]
	at com.mmall.controller.backend.ProductManageController.upload(ProductManageController.java:174) [classes/:na]
	at sun.reflect.NativeMethodAccessorImpl.invoke0(Native Method) ~[na:1.8.0_31]
	at sun.reflect.NativeMethodAccessorImpl.invoke(NativeMethodAccessorImpl.java:62) ~[na:1.8.0_31]
	at sun.reflect.DelegatingMethodAccessorImpl.invoke(DelegatingMethodAccessorImpl.java:43) ~[na:1.8.0_31]
	at java.lang.reflect.Method.invoke(Method.java:483) ~[na:1.8.0_31]
	at org.springframework.web.method.support.InvocableHandlerMethod.invoke(InvocableHandlerMethod.java:214) [spring-web-4.0.0.RELEASE.jar:4.0.0.RELEASE]
	at org.springframework.web.method.support.InvocableHandlerMethod.invokeForRequest(InvocableHandlerMethod.java:132) [spring-web-4.0.0.RELEASE.jar:4.0.0.RELEASE]
	at org.springframework.web.servlet.mvc.method.annotation.ServletInvocableHandlerMethod.invokeAndHandle(ServletInvocableHandlerMethod.java:104) [spring-webmvc-4.0.0.RELEASE.jar:4.0.0.RELEASE]
	at org.springframework.web.servlet.mvc.method.annotation.RequestMappingHandlerAdapter.invokeHandleMethod(RequestMappingHandlerAdapter.java:748) [spring-webmvc-4.0.0.RELEASE.jar:4.0.0.RELEASE]
	at org.springframework.web.servlet.mvc.method.annotation.RequestMappingHandlerAdapter.handleInternal(RequestMappingHandlerAdapter.java:689) [spring-webmvc-4.0.0.RELEASE.jar:4.0.0.RELEASE]
	at org.springframework.web.servlet.mvc.method.AbstractHandlerMethodAdapter.handle(AbstractHandlerMethodAdapter.java:83) [spring-webmvc-4.0.0.RELEASE.jar:4.0.0.RELEASE]
	at org.springframework.web.servlet.DispatcherServlet.doDispatch(DispatcherServlet.java:945) [spring-webmvc-4.0.0.RELEASE.jar:4.0.0.RELEASE]
	at org.springframework.web.servlet.DispatcherServlet.doService(DispatcherServlet.java:876) [spring-webmvc-4.0.0.RELEASE.jar:4.0.0.RELEASE]
	at org.springframework.web.servlet.FrameworkServlet.processRequest(FrameworkServlet.java:931) [spring-webmvc-4.0.0.RELEASE.jar:4.0.0.RELEASE]
	at org.springframework.web.servlet.FrameworkServlet.doPost(FrameworkServlet.java:833) [spring-webmvc-4.0.0.RELEASE.jar:4.0.0.RELEASE]
	at javax.servlet.http.HttpServlet.service(HttpServlet.java:648) [servlet-api.jar:na]
	at org.springframework.web.servlet.FrameworkServlet.service(FrameworkServlet.java:807) [spring-webmvc-4.0.0.RELEASE.jar:4.0.0.RELEASE]
	at javax.servlet.http.HttpServlet.service(HttpServlet.java:729) [servlet-api.jar:na]
	at org.apache.catalina.core.ApplicationFilterChain.internalDoFilter(ApplicationFilterChain.java:292) [catalina.jar:8.0.48]
	at org.apache.catalina.core.ApplicationFilterChain.doFilter(ApplicationFilterChain.java:207) [catalina.jar:8.0.48]
	at org.apache.tomcat.websocket.server.WsFilter.doFilter(WsFilter.java:52) [tomcat-websocket.jar:8.0.48]
	at org.apache.catalina.core.ApplicationFilterChain.internalDoFilter(ApplicationFilterChain.java:240) [catalina.jar:8.0.48]
	at org.apache.catalina.core.ApplicationFilterChain.doFilter(ApplicationFilterChain.java:207) [catalina.jar:8.0.48]
	at org.springframework.web.filter.CharacterEncodingFilter.doFilterInternal(CharacterEncodingFilter.java:88) [spring-web-4.0.0.RELEASE.jar:4.0.0.RELEASE]
	at org.springframework.web.filter.OncePerRequestFilter.doFilter(OncePerRequestFilter.java:108) [spring-web-4.0.0.RELEASE.jar:4.0.0.RELEASE]
	at org.apache.catalina.core.ApplicationFilterChain.internalDoFilter(ApplicationFilterChain.java:240) [catalina.jar:8.0.48]
	at org.apache.catalina.core.ApplicationFilterChain.doFilter(ApplicationFilterChain.java:207) [catalina.jar:8.0.48]
	at org.apache.catalina.core.StandardWrapperValve.invoke(StandardWrapperValve.java:212) [catalina.jar:8.0.48]
	at org.apache.catalina.core.StandardContextValve.invoke(StandardContextValve.java:94) [catalina.jar:8.0.48]
	at org.apache.catalina.authenticator.AuthenticatorBase.invoke(AuthenticatorBase.java:504) [catalina.jar:8.0.48]
	at org.apache.catalina.core.StandardHostValve.invoke(StandardHostValve.java:141) [catalina.jar:8.0.48]
	at org.apache.catalina.valves.ErrorReportValve.invoke(ErrorReportValve.java:79) [catalina.jar:8.0.48]
	at org.apache.catalina.valves.AbstractAccessLogValve.invoke(AbstractAccessLogValve.java:620) [catalina.jar:8.0.48]
	at org.apache.catalina.core.StandardEngineValve.invoke(StandardEngineValve.java:88) [catalina.jar:8.0.48]
	at org.apache.catalina.connector.CoyoteAdapter.service(CoyoteAdapter.java:502) [catalina.jar:8.0.48]
	at org.apache.coyote.http11.AbstractHttp11Processor.process(AbstractHttp11Processor.java:1132) [tomcat-coyote.jar:8.0.48]
	at org.apache.coyote.AbstractProtocol$AbstractConnectionHandler.process(AbstractProtocol.java:684) [tomcat-coyote.jar:8.0.48]
	at org.apache.tomcat.util.net.NioEndpoint$SocketProcessor.doRun(NioEndpoint.java:1539) [tomcat-coyote.jar:8.0.48]
	at org.apache.tomcat.util.net.NioEndpoint$SocketProcessor.run(NioEndpoint.java:1495) [tomcat-coyote.jar:8.0.48]
	at java.util.concurrent.ThreadPoolExecutor.runWorker(ThreadPoolExecutor.java:1142) [na:1.8.0_31]
	at java.util.concurrent.ThreadPoolExecutor$Worker.run(ThreadPoolExecutor.java:617) [na:1.8.0_31]
	at org.apache.tomcat.util.threads.TaskThread$WrappingRunnable.run(TaskThread.java:61) [tomcat-util.jar:8.0.48]
	at java.lang.Thread.run(Thread.java:745) [na:1.8.0_31]
Caused by: java.net.SocketException: Connection reset by peer: socket write error
	at java.net.SocketOutputStream.socketWrite0(Native Method) ~[na:1.8.0_31]
	at java.net.SocketOutputStream.socketWrite(SocketOutputStream.java:109) ~[na:1.8.0_31]
	at java.net.SocketOutputStream.write(SocketOutputStream.java:153) ~[na:1.8.0_31]
	at java.io.BufferedOutputStream.write(BufferedOutputStream.java:122) ~[na:1.8.0_31]
	at org.apache.commons.net.io.Util.copyStream(Util.java:123) ~[commons-net-3.1.jar:3.1]
	... 49 common frames omitted
[15:57:57.863][INFO][com.mmall.util.FTPUtil][http-nio-8081-exec-7] 结束上传，上传结果：false
[16:19:02.106][DEBUG][com.mmall.dao.UserMapper.checkUsername][http-nio-8081-exec-1] ==>  Preparing: select count(1) from mmall_user where username = ? 
[16:19:02.132][DEBUG][com.mmall.dao.UserMapper.checkUsername][http-nio-8081-exec-1] ==> Parameters: mengsai(String)
[16:19:02.152][DEBUG][com.mmall.dao.UserMapper.checkUsername][http-nio-8081-exec-1] <==      Total: 1
[16:19:02.161][DEBUG][com.mmall.dao.UserMapper.selectLogin][http-nio-8081-exec-1] ==>  Preparing: select id, username, password, email, phone, question, answer, role, create_time, update_time from mmall_user where username = ? and password = ? 
[16:19:02.161][DEBUG][com.mmall.dao.UserMapper.selectLogin][http-nio-8081-exec-1] ==> Parameters: mengsai(String), E10ADC3949BA59ABBE56E057F20F883E(String)
[16:19:02.169][DEBUG][com.mmall.dao.UserMapper.selectLogin][http-nio-8081-exec-1] <==      Total: 1
[16:19:07.412][INFO][com.mmall.service.impl.FileServiceImpl][http-nio-8081-exec-2] 开始上传文件，上传文件的文件名：test.png，上传的路径：G:\tomcat-8-1\webapps\ROOT\upload，新文件名：9cbee23a-e230-4884-9f8d-ee873cf443af.png
[16:19:07.482][INFO][com.mmall.util.FTPUtil][http-nio-8081-exec-2] 开始连接ftp服务器
[16:19:07.506][INFO][com.mmall.util.FTPUtil][http-nio-8081-exec-2] 结束上传，上传结果：true
[16:19:43.052][INFO][com.mmall.service.impl.FileServiceImpl][http-nio-8081-exec-3] 开始上传文件，上传文件的文件名：tests.png，上传的路径：G:\tomcat-8-1\webapps\ROOT\upload，新文件名：1a8cc4dc-8d95-4819-afdf-da8d9c2e042f.png
[16:19:43.056][INFO][com.mmall.util.FTPUtil][http-nio-8081-exec-3] 开始连接ftp服务器
[16:19:43.066][INFO][com.mmall.util.FTPUtil][http-nio-8081-exec-3] 结束上传，上传结果：true
